<?xml version="1.0" encoding="UTF-8"?>
<testsuite name="com.minihibernate.metadata.MetadataParserTest" tests="8" skipped="0" failures="0" errors="0" timestamp="2026-01-28T15:34:49.023Z" hostname="cachyos-x8664" time="0.088">
  <properties/>
  <testcase name="Should parse @Column with unique constraint" classname="com.minihibernate.metadata.MetadataParserTest" time="0.053"/>
  <testcase name="Should get and set field values using reflection" classname="com.minihibernate.metadata.MetadataParserTest" time="0.004"/>
  <testcase name="Should parse @Column with custom name" classname="com.minihibernate.metadata.MetadataParserTest" time="0.003"/>
  <testcase name="Should parse @Entity and extract table name" classname="com.minihibernate.metadata.MetadataParserTest" time="0.003"/>
  <testcase name="Should throw exception for non-entity class" classname="com.minihibernate.metadata.MetadataParserTest" time="0.003"/>
  <testcase name="Should cache parsed metadata" classname="com.minihibernate.metadata.MetadataParserTest" time="0.001"/>
  <testcase name="Should create new entity instance" classname="com.minihibernate.metadata.MetadataParserTest" time="0.001"/>
  <testcase name="Should parse @Id field" classname="com.minihibernate.metadata.MetadataParserTest" time="0.001"/>
  <system-out><![CDATA[]]></system-out>
  <system-err><![CDATA[]]></system-err>
</testsuite>
