<?xml version="1.0" encoding="UTF-8"?>
<testsuite xmlns:xsi="http://www.w3.org/2001/XMLSchema-instance" xsi:noNamespaceSchemaLocation="https://maven.apache.org/surefire/maven-surefire-plugin/xsd/surefire-test-report-3.0.xsd" version="3.0" name="com.minihibernate.metadata.MetadataParserTest" time="0.07" tests="8" errors="0" skipped="0" failures="0">
  <properties>
[...]
</properties>
  <testcase name="shouldParseColumnWithUniqueConstraint" classname="com.minihibernate.metadata.MetadataParserTest" time="0.039"/>
  <testcase name="shouldGetAndSetFieldValues" classname="com.minihibernate.metadata.MetadataParserTest" time="0.003"/>
  <testcase name="shouldParseColumnWithCustomName" classname="com.minihibernate.metadata.MetadataParserTest" time="0.001"/>
  <testcase name="shouldParseEntityAnnotation" classname="com.minihibernate.metadata.MetadataParserTest" time="0.001"/>
  <testcase name="shouldThrowExceptionForNonEntityClass" classname="com.minihibernate.metadata.MetadataParserTest" time="0.004"/>
  <testcase name="shouldCacheParsedMetadata" classname="com.minihibernate.metadata.MetadataParserTest" time="0.0"/>
  <testcase name="shouldCreateNewEntityInstance" classname="com.minihibernate.metadata.MetadataParserTest" time="0.001"/>
  <testcase name="shouldParseIdField" classname="com.minihibernate.metadata.MetadataParserTest" time="0.001"/>
</testsuite>